TACC: Starting up job 295633
TACC: Starting parallel tasks...
          
#############################################################################################
#                                                                                           #
#                                          PAOFLOW                                          #
#                                                                                           #
#                  Utility to construct and operate on Hamiltonians from                    #
#                 the Projections of DFT wfc on Atomic Orbital bases (PAO)                  #
#                                                                                           #
#                      © 2016,2017 ERMES group (http://ermes.unt.edu)                       #
#############################################################################################
          
parallel execution on  64  processors,  272  threads and  1  pool
estimated maximum array size:  0.43 GBytes
   
reading in                            9.060 sec 
building Hks in                       3.241 sec 
k -> R in                             0.478 sec 
bands in                              2.228 sec 
R -> k zero padding in                2.310 sec 
eigenvalues in                        0.197 sec 
[mpiexec@c455-042.stampede2.tacc.utexas.edu] Sending Ctrl-C to processes as requested
[mpiexec@c455-042.stampede2.tacc.utexas.edu] Press Ctrl-C again to force abort
